kotlin version: 2.0.0
error message: Incremental compilation failed: /Users/t0304iw/Desktop/androidplay/api/syncling/build/kotlin/compileKotlin/classpath-snapshot/shrunk-classpath-snapshot.bin (No such file or directory)
java.io.FileNotFoundException: /Users/t0304iw/Desktop/androidplay/api/syncling/build/kotlin/compileKotlin/classpath-snapshot/shrunk-classpath-snapshot.bin (No such file or directory)
	at java.base/java.io.FileInputStream.open0(Native Method)
	at java.base/java.io.FileInputStream.open(FileInputStream.java:185)
	at java.base/java.io.FileInputStream.<init>(FileInputStream.java:139)
	at org.jetbrains.kotlin.incremental.storage.ExternalizersKt.loadFromFile(externalizers.kt:184)
	at org.jetbrains.kotlin.incremental.classpathDiff.ClasspathSnapshotShrinkerKt.shrinkAndSaveClasspathSnapshot(ClasspathSnapshotShrinker.kt:264)
	at org.jetbrains.kotlin.incremental.IncrementalJvmCompilerRunner.performWorkAfterCompilation(IncrementalJvmCompilerRunner.kt:465)
	at org.jetbrains.kotlin.incremental.IncrementalJvmCompilerRunner.performWorkAfterCompilation(IncrementalJvmCompilerRunner.kt:62)
	at org.jetbrains.kotlin.incremental.IncrementalCompilerRunner.compileImpl(IncrementalCompilerRunner.kt:425)
	at org.jetbrains.kotlin.incremental.IncrementalCompilerRunner.tryCompileIncrementally$lambda$9$compile(IncrementalCompilerRunner.kt:249)
	at org.jetbrains.kotlin.incremental.IncrementalCompilerRunner.tryCompileIncrementally(IncrementalCompilerRunner.kt:267)
	at org.jetbrains.kotlin.incremental.IncrementalCompilerRunner.compile(IncrementalCompilerRunner.kt:120)
	at org.jetbrains.kotlin.daemon.CompileServiceImplBase.execIncrementalCompiler(CompileServiceImpl.kt:676)
	at org.jetbrains.kotlin.daemon.CompileServiceImplBase.access$execIncrementalCompiler(CompileServiceImpl.kt:92)
	at org.jetbrains.kotlin.daemon.CompileServiceImpl.compile(CompileServiceImpl.kt:1661)
	at java.base/jdk.internal.reflect.DirectMethodHandleAccessor.invoke(DirectMethodHandleAccessor.java:104)
	at java.base/java.lang.reflect.Method.invoke(Method.java:565)
	at java.rmi/sun.rmi.server.UnicastServerRef.dispatch(UnicastServerRef.java:351)
	at java.rmi/sun.rmi.transport.Transport.serviceCall(Transport.java:166)
	at java.rmi/sun.rmi.transport.tcp.TCPTransport.handleMessages(TCPTransport.java:543)
	at java.rmi/sun.rmi.transport.tcp.TCPTransport$ConnectionHandler.run0(TCPTransport.java:744)
	at java.rmi/sun.rmi.transport.tcp.TCPTransport$ConnectionHandler.run(TCPTransport.java:623)
	at java.base/java.util.concurrent.ThreadPoolExecutor.runWorker(ThreadPoolExecutor.java:1095)
	at java.base/java.util.concurrent.ThreadPoolExecutor$Worker.run(ThreadPoolExecutor.java:619)
	at java.base/java.lang.Thread.run(Thread.java:1447)


